NAMESPACE            NAME                                             READY   STATUS    RESTARTS       AGE
kube-system          pod/coredns-668d6bf9bc-478dr                     1/1     Running   1 (119m ago)   21h
kube-system          pod/coredns-668d6bf9bc-97v75                     1/1     Running   1 (119m ago)   21h
kube-system          pod/etcd-kind-control-plane                      1/1     Running   0              119m
kube-system          pod/kindnet-2wpwb                                1/1     Running   1 (119m ago)   21h
kube-system          pod/kindnet-5hfl8                                1/1     Running   1 (119m ago)   21h
kube-system          pod/kindnet-cvr8x                                1/1     Running   1 (119m ago)   21h
kube-system          pod/kindnet-f7z7z                                1/1     Running   1 (119m ago)   21h
kube-system          pod/kindnet-hklcc                                1/1     Running   1 (119m ago)   21h
kube-system          pod/kindnet-rjrhr                                1/1     Running   1 (119m ago)   21h
kube-system          pod/kindnet-t2z4x                                1/1     Running   1 (119m ago)   21h
kube-system          pod/kube-apiserver-kind-control-plane            1/1     Running   0              119m
kube-system          pod/kube-controller-manager-kind-control-plane   1/1     Running   1 (119m ago)   21h
kube-system          pod/kube-proxy-97bcf                             1/1     Running   1 (119m ago)   21h
kube-system          pod/kube-proxy-kptjl                             1/1     Running   1 (119m ago)   21h
kube-system          pod/kube-proxy-mtq7p                             1/1     Running   1 (119m ago)   21h
kube-system          pod/kube-proxy-n2j45                             1/1     Running   1 (119m ago)   21h
kube-system          pod/kube-proxy-qmzjf                             1/1     Running   1 (119m ago)   21h
kube-system          pod/kube-proxy-xnrgk                             1/1     Running   1 (119m ago)   21h
kube-system          pod/kube-proxy-zlclm                             1/1     Running   1 (119m ago)   21h
kube-system          pod/kube-scheduler-kind-control-plane            1/1     Running   1 (119m ago)   21h
local-path-storage   pod/local-path-provisioner-7dc846544d-dc29t      1/1     Running   2 (118m ago)   21h
mysql                pod/mysql-0                                      1/1     Running   0              39m
mysql                pod/mysql-1                                      1/1     Running   0              36m
todoapp              pod/todoapp-68dcff969f-4cgk5                     1/1     Running   2 (36m ago)    36m
todoapp              pod/todoapp-68dcff969f-zgnxg                     1/1     Running   0              36m

NAMESPACE     NAME                       TYPE        CLUSTER-IP      EXTERNAL-IP   PORT(S)                  AGE
default       service/kubernetes         ClusterIP   10.96.0.1       <none>        443/TCP                  21h
kube-system   service/kube-dns           ClusterIP   10.96.0.10      <none>        53/UDP,53/TCP,9153/TCP   21h
mysql         service/mysql              ClusterIP   None            <none>        3306/TCP                 39m
todoapp       service/todoapp-nodeport   NodePort    10.96.248.100   <none>        80:30007/TCP             111m
todoapp       service/todoapp-service    ClusterIP   10.96.118.38    <none>        80/TCP                   111m

NAMESPACE     NAME                        DESIRED   CURRENT   READY   UP-TO-DATE   AVAILABLE   NODE SELECTOR            AGE
kube-system   daemonset.apps/kindnet      7         7         7       7            7           kubernetes.io/os=linux   21h
kube-system   daemonset.apps/kube-proxy   7         7         7       7            7           kubernetes.io/os=linux   21h

NAMESPACE            NAME                                     READY   UP-TO-DATE   AVAILABLE   AGE
kube-system          deployment.apps/coredns                  2/2     2            2           21h
local-path-storage   deployment.apps/local-path-provisioner   1/1     1            1           21h
todoapp              deployment.apps/todoapp                  2/2     2            2           111m

NAMESPACE            NAME                                                DESIRED   CURRENT   READY   AGE
kube-system          replicaset.apps/coredns-668d6bf9bc                  2         2         2       21h
local-path-storage   replicaset.apps/local-path-provisioner-7dc846544d   1         1         1       21h
todoapp              replicaset.apps/todoapp-68dcff969f                  2         2         2       36m
todoapp              replicaset.apps/todoapp-77464b78b6                  0         0         0       111m

NAMESPACE   NAME                     READY   AGE
mysql       statefulset.apps/mysql   2/2     39m

NAMESPACE   NAME                                          REFERENCE            TARGETS                                     MINPODS   MAXPODS   REPLICAS   AGE
todoapp     horizontalpodautoscaler.autoscaling/todoapp   Deployment/todoapp   cpu: <unknown>/70%, memory: <unknown>/70%   2         5         2          111m

NAMESPACE            NAME                                                             DATA   AGE
default              configmap/kube-root-ca.crt                                       1      21h
kube-node-lease      configmap/kube-root-ca.crt                                       1      21h
kube-public          configmap/cluster-info                                           2      21h
kube-public          configmap/kube-root-ca.crt                                       1      21h
kube-system          configmap/coredns                                                1      21h
kube-system          configmap/extension-apiserver-authentication                     6      21h
kube-system          configmap/kube-apiserver-legacy-service-account-token-tracking   1      21h
kube-system          configmap/kube-proxy                                             2      21h
kube-system          configmap/kube-root-ca.crt                                       1      21h
kube-system          configmap/kubeadm-config                                         1      21h
kube-system          configmap/kubelet-config                                         1      21h
local-path-storage   configmap/kube-root-ca.crt                                       1      21h
local-path-storage   configmap/local-path-config                                      4      21h
mysql                configmap/kube-root-ca.crt                                       1      39m
mysql                configmap/mysql                                                  1      39m
todoapp              configmap/app-config                                             1      111m
todoapp              configmap/kube-root-ca.crt                                       1      111m
todoapp              configmap/todoapp-config                                         1      111m

NAMESPACE     NAME                                   TYPE                            DATA   AGE
default       secret/sh.helm.release.v1.todoapp.v1   helm.sh/release.v1              1      111m
default       secret/sh.helm.release.v1.todoapp.v2   helm.sh/release.v1              1      39m
kube-system   secret/bootstrap-token-abcdef          bootstrap.kubernetes.io/token   6      21h
mysql         secret/mysql-secrets                   Opaque                          3      39m
todoapp       secret/todoapp-secret                  Opaque                          5      111m

NAMESPACE   NAME                                        CLASS    HOSTS   ADDRESS   PORTS   AGE
todoapp     ingress.networking.k8s.io/todoapp-ingress   <none>   *                 80      111m
